userlogin 413
failedlogin 986
failedlogin 65
failedlogin 305
userlogout 477
userlogin 144
tkavwvgq 544

failedlogin 484
failedlogin 675
zmjgqasq 753
failedlogin 
aegtwxab 597
userlogout 217

failedlogin 313
userlogout 851
userlogout 735

failedlogin 388
failedlogin 818
userlogin 38

userlogin 307
userlogin 612

userlogout 163

userlogout 851
ccxfamgn 694
userlogin 619
userlogin 856
userlogin 498
userlogin 
userlogout 695

userlogout 818
failedlogin 277
userlogin 155
failedlogin 39

sndvauwt 402

userlogin 55
userlogout 217
userlogout gxd
userlogin 691
failedlogin 556
userlogout 373
failedlogin 312
jfmwmmap 512
failedlogin 548
rrccojmj 336
userlogin 581

userlogin 215
failedlogin 370
userlogout 9
userlogout 57
failedlogin 128
